<?xml version="1.0" encoding="UTF-8"?>
<!-- Generated by org.testng.reporters.JUnitReportReporter -->
<testsuite hostname="DEL1-DHP-30972" name="com.demo.RegularExpressionGroupTest" tests="2" failures="0" timestamp="11 May 2016 06:06:20 GMT" time="0.013" errors="0">
  <testcase name="testMethodTwo" time="0.002" classname="com.demo.RegularExpressionGroupTest"/>
  <testcase name="testMethodOne" time="0.011" classname="com.demo.RegularExpressionGroupTest"/>
</testsuite> <!-- com.demo.RegularExpressionGroupTest -->
