<?xml version="1.0" encoding="UTF-8"?>
<!-- Generated by org.testng.reporters.JUnitReportReporter -->
<testsuite hostname="DEL1-DHP-30972" name="com.demo.TestClass1" tests="3" failures="0" timestamp="11 May 2016 03:55:17 GMT" time="0.021" errors="0">
  <testcase name="Test3" time="0.002" classname="com.demo.TestClass1"/>
  <testcase name="Test2" time="0.003" classname="com.demo.TestClass1"/>
  <testcase name="Test1" time="0.016" classname="com.demo.TestClass1"/>
</testsuite> <!-- com.demo.TestClass1 -->
