<?xml version="1.0" encoding="UTF-8"?>
<!-- Generated by org.testng.reporters.JUnitReportReporter -->
<testsuite hostname="DEL1-DHP-30972" name="com.demo.RegularExpressionGroupTest" tests="2" failures="0" timestamp="11 May 2016 09:10:08 GMT" time="0.007" errors="0">
  <testcase name="testMethodOne" time="0.007" classname="com.demo.RegularExpressionGroupTest"/>
  <testcase name="testMethodTwo" time="0.000" classname="com.demo.RegularExpressionGroupTest"/>
</testsuite>
